Using pre-set license

 COMMAND LINE ARGUMENTS:
/Applications/Unity/Hub/Editor/2020.2.4f1/Unity.app/Contents/MacOS/Unity
-adb2
-batchMode
-noUpm
-name
AssetImportWorker0
-projectPath
/Users/nevertrusteric/New Unity Project (4)
-logFile
Logs/AssetImportWorker0.log
-srvPort
56423
Successfully changed project path to: /Users/nevertrusteric/New Unity Project (4)
/Users/nevertrusteric/New Unity Project (4)
Using Asset Import Pipeline V2.
Refreshing native plugins compatible for Editor in 39.51 ms, found 1 plugins.
Preloading 0 native plugins for Editor in 0.00 ms.
Initialize engine version: 2020.2.4f1 (becced5a802b)
[Subsystems] Discovering subsystems at path /Applications/Unity/Hub/Editor/2020.2.4f1/Unity.app/Contents/Resources/UnitySubsystems
[Subsystems] Discovering subsystems at path /Users/nevertrusteric/New Unity Project (4)/Assets
GfxDevice: creating device client; threaded=0
2021-12-30 21:04:19.562 Unity[47257:2496240] iMac preferred device: AMD Radeon Pro 560X (high power)
2021-12-30 21:04:19.562 Unity[47257:2496240] Metal devices available: 1
2021-12-30 21:04:19.562 Unity[47257:2496240] 0: AMD Radeon Pro 560X (high power)
2021-12-30 21:04:19.563 Unity[47257:2496240] Using device AMD Radeon Pro 560X (high power)
Initializing Metal device caps: AMD Radeon Pro 560X
Initialize mono
Mono path[0] = '/Applications/Unity/Hub/Editor/2020.2.4f1/Unity.app/Contents/Managed'
Mono path[1] = '/Applications/Unity/Hub/Editor/2020.2.4f1/Unity.app/Contents/MonoBleedingEdge/lib/mono/unityjit'
Mono config path = '/Applications/Unity/Hub/Editor/2020.2.4f1/Unity.app/Contents/MonoBleedingEdge/etc'
Using monoOptions --debugger-agent=transport=dt_socket,embedding=1,server=y,suspend=n,address=127.0.0.1:56257
Begin MonoManager ReloadAssembly
Registering precompiled unity dll's ...
Register platform support module: /Applications/Unity/Hub/Editor/2020.2.4f1/Unity.app/Contents/PlaybackEngines/MacStandaloneSupport/UnityEditor.OSXStandalone.Extensions.dll
Registered in 0.001361 seconds.
Native extension for OSXStandalone target not found
Refreshing native plugins compatible for Editor in 40.88 ms, found 1 plugins.
Preloading 0 native plugins for Editor in 0.00 ms.
Invoked RoslynAnalysisRunner static constructor.
RoslynAnalysisRunner will not be running.
RoslynAnalysisRunner has terminated.
Mono: successfully reloaded assembly
- Completed reload, in  2.046 seconds
Platform modules already initialized, skipping
Registering precompiled user dll's ...
Registered in 0.000861 seconds.
Begin MonoManager ReloadAssembly
Native extension for OSXStandalone target not found
Refreshing native plugins compatible for Editor in 38.46 ms, found 1 plugins.
Preloading 0 native plugins for Editor in 0.00 ms.
Invoked RoslynAnalysisRunner static constructor.
RoslynAnalysisRunner will not be running.
RoslynAnalysisRunner has terminated.
Mono: successfully reloaded assembly
- Completed reload, in  1.111 seconds
Platform modules already initialized, skipping
========================================================================
Worker process is ready to serve import requests
Launching external process: /Applications/Unity/Hub/Editor/2020.2.4f1/Unity.app/Contents/Tools/UnityShaderCompiler
Launched and connected shader compiler UnityShaderCompiler after 0.02 seconds
Refreshing native plugins compatible for Editor in 0.49 ms, found 1 plugins.
Preloading 0 native plugins for Editor in 0.00 ms.
Unloading 2030 Unused Serialized files (Serialized files now loaded: 0)
System memory in use before: 179.7 MB.
System memory in use after: 178.8 MB.

Unloading 19 unused Assets to reduce memory usage. Loaded Objects now: 2479.
Total: 4.227362 ms (FindLiveObjects: 0.389486 ms CreateObjectMapping: 0.180828 ms MarkObjects: 2.593990 ms  DeleteObjects: 1.061301 ms)

========================================================================
Received Import Request.
  path: Assets/Scenes/Level2.unity
  artifactKey: Guid(5ed700854ba6145e4b1ed3ed64a51a9e) Importer(815301076,1909f56bfc062723c751e8b465ee728b)
Start importing Assets/Scenes/Level2.unity using Guid(5ed700854ba6145e4b1ed3ed64a51a9e) Importer(815301076,1909f56bfc062723c751e8b465ee728b)  -> (artifact id: 'bc632155301fbf1dbf124c4637ced912') in 0.014000 seconds
  Import took 0.018772 seconds .

========================================================================
Received Import Request.
  Time since last request: 3.602329 seconds.
  path: Assets/Scenes/Level1.unity
  artifactKey: Guid(0622cab13331f46beae29b80e2aa1293) Importer(815301076,1909f56bfc062723c751e8b465ee728b)
Start importing Assets/Scenes/Level1.unity using Guid(0622cab13331f46beae29b80e2aa1293) Importer(815301076,1909f56bfc062723c751e8b465ee728b)  -> (artifact id: 'bc05bb491170429408d60a7263687d80') in 0.001938 seconds
  Import took 0.011591 seconds .

========================================================================
Received Import Request.
  Time since last request: 88026.769378 seconds.
  path: Assets/RestartScript.cs
  artifactKey: Guid(07a110b7a44774f56ab36606885b4c31) Importer(815301076,1909f56bfc062723c751e8b465ee728b)
Start importing Assets/RestartScript.cs using Guid(07a110b7a44774f56ab36606885b4c31) Importer(815301076,1909f56bfc062723c751e8b465ee728b)  -> (artifact id: '48eac81c7a0d8aa9b97b8239c5bb7dbf') in 0.685461 seconds
  Import took 0.849530 seconds .

